


ARM Macro Assembler    Page 1 


    1 00000000         ;/*
    2 00000000         ; *-----------------------------------------------------
                       ------------------------
    3 00000000         ; * The confidential and proprietary information contain
                       ed in this file may
    4 00000000         ; * only be used by a person authorised under and to the
                        extent permitted
    5 00000000         ; * by a subsisting licensing agreement from ARM Limited
                       .
    6 00000000         ; *
    7 00000000         ; *            (C) COPYRIGHT 2010-2011 ARM Limited.
    8 00000000         ; *                ALL RIGHTS RESERVED
    9 00000000         ; *
   10 00000000         ; * This entire notice must be reproduced on all copies 
                       of this file
   11 00000000         ; * and copies of this file may only be made by a person
                        if such person is
   12 00000000         ; * permitted to do so under the terms of a subsisting l
                       icense agreement
   13 00000000         ; * from ARM Limited.
   14 00000000         ; *
   15 00000000         ; *      SVN Information
   16 00000000         ; *
   17 00000000         ; *      Checked In          : $Date: 2011-03-17 11:25:0
                       1 +0000 (Thu, 17 Mar 2011) $
   18 00000000         ; *
   19 00000000         ; *      Revision            : $Revision: 164919 $
   20 00000000         ; *
   21 00000000         ; *      Release Information : BP200-r0p0-00rel0
   22 00000000         ; *-----------------------------------------------------
                       ------------------------
   23 00000000         ; */
   24 00000000         
   25 00000000         ;/******************************************************
                       ***********************/
   26 00000000         ;/* Startup.s: Startup file for ARM Cortex-M0 Device Fam
                       ily                   */
   27 00000000         ;/******************************************************
                       ***********************/
   28 00000000         
   29 00000000         
   30 00000000         ;// <h> Stack Configuration
   31 00000000         ;//   <o> Stack Size (in Bytes) <0x0-0xFFFFFFFF:8>
   32 00000000         ;// </h>
   33 00000000         
   34 00000000         ;Stack_Size      EQU     0x00003000
   35 00000000         
   36 00000000         ;               AREA    STACK, NOINIT, READWRITE, ALIGN=
                       3
   37 00000000         ;Stack_Mem       SPACE   Stack_Size
   38 00000000         ;__initial_sp
   39 00000000         
   40 00000000         ; modified for scatter file, 2013.04.07, coins
   41 00000000                 AREA             STACK_TOP, NOINIT, READWRITE, A
LIGN=3
   42 00000000         __initial_sp
   43 00000000         
   44 00000000         
   45 00000000         ;// <h> Heap Configuration



ARM Macro Assembler    Page 2 


   46 00000000         ;//   <o>  Heap Size (in Bytes) <0x0-0xFFFFFFFF:8>
   47 00000000         ;// </h>
   48 00000000         
   49 00000000         ;Heap_Size       EQU     0x00000000
   50 00000000         
   51 00000000         ;                AREA    HEAP, NOINIT, READWRITE, ALIGN=
                       3
   52 00000000         ;__heap_base
   53 00000000         ;Heap_Mem        SPACE   Heap_Size
   54 00000000         ;__heap_limit
   55 00000000         
   56 00000000         ; modified for scatter file, 2013.04.07, coins    
   57 00000000                 AREA             HEAP_BOTTOM, NOINIT, READWRITE,
 ALIGN=3
   58 00000000         __heap_base
   59 00000000                 AREA             HEAP_TOP, NOINIT, READWRITE, AL
IGN=3
   60 00000000         __heap_limit
   61 00000000         
   62 00000000         
   63 00000000                 PRESERVE8
   64 00000000                 THUMB
   65 00000000         
   66 00000000         
   67 00000000         ; Vector Table Mapped to Address 0 at Reset
   68 00000000         
   69 00000000                 AREA             RESET, DATA, READONLY
   70 00000000                 EXPORT           __Vectors
   71 00000000                 EXPORT           __Vectors_End
   72 00000000                 EXPORT           __Vectors_Size
   73 00000000         
   74 00000000 00000000 
                       __Vectors
                               DCD              __initial_sp ; Top of Stack
   75 00000004 00000000        DCD              Reset_Handler ; Reset Handler
   76 00000008 00000000        DCD              NMI_Handler ; NMI Handler
   77 0000000C 00000000        DCD              HardFault_Handler ; Hard Fault 
                                                            Handler
   78 00000010 00000000        DCD              0           ; Reserved
   79 00000014 00000000        DCD              0           ; Reserved
   80 00000018 00000000        DCD              0           ; Reserved
   81 0000001C 00000000        DCD              0           ; Reserved
   82 00000020 00000000        DCD              0           ; Reserved
   83 00000024 00000000        DCD              0           ; Reserved
   84 00000028 00000000        DCD              0           ; Reserved
   85 0000002C 00000000        DCD              SVC_Handler ; SVCall Handler
   86 00000030 00000000        DCD              0           ; Reserved
   87 00000034 00000000        DCD              0           ; Reserved
   88 00000038 00000000        DCD              PendSV_Handler ; PendSV Handler
                                                            
   89 0000003C 00000000        DCD              SysTick_Handler 
                                                            ; SysTick Handler
   90 00000040         ; Interrupt
   91 00000040 00000000        DCD              SCM_Handler ;0  SCM Handler
   92 00000044 00000000        DCD              GPIO_Handler ;1  GPIO Handler
   93 00000048 00000000        DCD              T0_Handler  ;2  Timer 0 Handler
                                                            
   94 0000004C 00000000        DCD              SEA_Handler ;3  SEA Handler
   95 00000050 00000000        DCD              AEA_Handler ;4  AEA Handler



ARM Macro Assembler    Page 3 


   96 00000054 00000000        DCD              SPI0_Handler ;5  SPI handler
   97 00000058 00000000        DCD              TRNG_Handler ;6  True Random Nu
                                                            mber Generater Hand
                                                            ler
   98 0000005C 00000000        DCD              USB_Handler ;7  USB Handler    
                                                            
   99 00000060 00000000        DCD              T1_Handler  ;8  Timer 1 Handler
                                                            
  100 00000064 00000000        DCD              T2_Handler  ;9  Timer 2 Handler
                                                            
  101 00000068 00000000        DCD              SSI_Handler ;10 SSI Handler
  102 0000006C 00000000        DCD              UART0_Handler ;11 UART handler
  103 00000070 00000000        DCD              I2C0_Handler ;12 I2C Handler
  104 00000074 00000000        DCD              SWPS_Handler ;13 SWP Slave hand
                                                            ler
  105 00000078 00000000        DCD              SWPM_Handler ;14 SWP Master han
                                                            dler
  106 0000007C 00000000        DCD              ISO7816_Handler 
                                                            ;15 ISO7816 Handler
                                                            
  107 00000080 00000000        DCD              SCI_Handler ;16 ISO7816 Master 
                                                            handler
  108 00000084 00000000        DCD              ACMP_Handler ;17 Analog Compare
                                                             Handler 
  109 00000088 00000000        DCD              VPWM_Handler ;18 Voice PWM Hand
                                                            ler
  110 0000008C 00000000        DCD              SDSI_Handler ;19 SD Bus Slave H
                                                            andler
  111 00000090 00000000        DCD              RTC_Handler ;20 RTC Handler
  112 00000094 00000000        DCD              0           ;21 Reserved
  113 00000098 00000000        DCD              0           ;22 Reserved
  114 0000009C 00000000        DCD              0           ;23 Reserved
  115 000000A0 00000000        DCD              0           ;24 Reserved
  116 000000A4 00000000        DCD              0           ;25 Reserved
  117 000000A8 00000000        DCD              SDI_Handler ;26 Reserved
  118 000000AC 00000000        DCD              SPI1_Handler ;27 Reserved
  119 000000B0 00000000        DCD              0           ;28 Reserved
  120 000000B4 00000000        DCD              0           ;29 Reserved
  121 000000B8 00000000        DCD              0           ;30 Reserved
  122 000000BC 00000000        DCD              0           ;31 Reserved
  123 000000C0         
  124 000000C0 00000000        DCD              0           ;Reserved
  125 000000C4 00000000        DCD              0           ;Reserved
  126 000000C8 00000000        DCD              0           ;Reserved
  127 000000CC 00000000        DCD              0           ;Reserved
  128 000000D0 00000000        DCD              0           ;Reserved
  129 000000D4 00000000        DCD              0           ;Reserved
  130 000000D8 00000000        DCD              0           ;Reserved
  131 000000DC 00000000        DCD              0           ;Reserved
  132 000000E0 00000000        DCD              0           ;Reserved
  133 000000E4 00000000        DCD              0           ;Reserved
  134 000000E8 00000000        DCD              0           ;Reserved
  135 000000EC 00000000        DCD              0           ;Reserved
  136 000000F0 00000000        DCD              0           ;Reserved
  137 000000F4 00000000        DCD              0           ;Reserved
  138 000000F8 00000000        DCD              __heap_base ;Reserved
  139 000000FC 00000000        DCD              __heap_limit ;Reserved
  140 00000100         __Vectors_End
  141 00000100         



ARM Macro Assembler    Page 4 


  142 00000100 00000100 
                       __Vectors_Size
                               EQU              __Vectors_End - __Vectors
  143 00000100                 AREA             |.text|, CODE, READONLY
  144 00000000         
  145 00000000         
  146 00000000         ; Reset Handler
  147 00000000         
  148 00000000         Reset_Handler
                               PROC
  149 00000000                 EXPORT           Reset_Handler             [WEAK
]
  150 00000000                 IMPORT           __main
  151 00000000                 IMPORT           SystemInit
  152 00000000         
  153 00000000                 IMPORT           SYS_GenSramKey
  154 00000000         ; ro write SRAM encrypt key
  155 00000000 480E            LDR              R0, =SYS_GenSramKey
  156 00000002 4780            BLX              R0
  157 00000004 4905            LDR              R1, SCM_BASE_ADDR
  158 00000006 4A06            LDR              R2, REG_PROT_VAL
  159 00000008 65CA            STR              R2, [R1, #0x5c]
  160 0000000A 6508            STR              R0, [R1, #0x50]
  161 0000000C 0A00            LSRS             R0, R0, #8
  162 0000000E 6548            STR              R0, [R1, #0x54]
  163 00000010 2200            MOVS             R2, #0
  164 00000012 65CA            STR              R2, [R1, #0x5c]
  165 00000014         
  166 00000014 480A            LDR              R0, =SystemInit
  167 00000016 4780            BLX              R0
  168 00000018 480A            LDR              R0, =__main
  169 0000001A 4700            BX               R0
  170 0000001C                 ENDP
  171 0000001C         
  172 0000001C 40000000 
                       SCM_BASE_ADDR
                               DCD              0x40000000  ; SCM
  173 00000020 32107654 
                       REG_PROT_VAL
                               DCD              0x32107654
  174 00000024         
  175 00000024         ; Dummy Exception Handlers (infinite loops which can be 
                       modified)
  176 00000024         
  177 00000024         NMI_Handler
                               PROC
  178 00000024                 EXPORT           NMI_Handler               [WEAK
]
  179 00000024 E7FE            B                .
  180 00000026                 ENDP
  182 00000026         HardFault_Handler
                               PROC
  183 00000026                 EXPORT           HardFault_Handler         [WEAK
]
  184 00000026 E7FE            B                .
  185 00000028                 ENDP
  186 00000028         SVC_Handler
                               PROC
  187 00000028                 EXPORT           SVC_Handler               [WEAK



ARM Macro Assembler    Page 5 


]
  188 00000028 E7FE            B                .
  189 0000002A                 ENDP
  190 0000002A         PendSV_Handler
                               PROC
  191 0000002A                 EXPORT           PendSV_Handler            [WEAK
]
  192 0000002A E7FE            B                .
  193 0000002C                 ENDP
  194 0000002C         SysTick_Handler
                               PROC
  195 0000002C                 EXPORT           SysTick_Handler            [WEA
K]
  196 0000002C E7FE            B                .
  197 0000002E                 ENDP
  198 0000002E         Default_Handler
                               PROC
  199 0000002E                 EXPORT           SCM_Handler               [WEAK
]
  200 0000002E                 EXPORT           GPIO_Handler              [WEAK
]
  201 0000002E                 EXPORT           T0_Handler                [WEAK
]
  202 0000002E                 EXPORT           SEA_Handler              [WEAK]
  203 0000002E                 EXPORT           AEA_Handler           [WEAK]
  204 0000002E                 EXPORT           SPI0_Handler              [WEAK
]
  205 0000002E                 EXPORT           TRNG_Handler              [WEAK
]
  206 0000002E                 EXPORT           USB_Handler               [WEAK
]
  207 0000002E                 EXPORT           T1_Handler                [WEAK
]
  208 0000002E                 EXPORT           T2_Handler                [WEAK
]
  209 0000002E                 EXPORT           SSI_Handler               [WEAK
]
  210 0000002E                 EXPORT           UART0_Handler             [WEAK
]
  211 0000002E                 EXPORT           I2C0_Handler           [WEAK]
  212 0000002E                 EXPORT           SWPS_Handler              [WEAK
]
  213 0000002E                 EXPORT           SWPM_Handler              [WEAK
]
  214 0000002E                 EXPORT           ISO7816_Handler             [WE
AK]
  215 0000002E                 EXPORT           SCI_Handler               [WEAK
]
  216 0000002E                 EXPORT           ACMP_Handler              [WEAK
]
  217 0000002E                 EXPORT           VPWM_Handler              [WEAK
]
  218 0000002E                 EXPORT           SDSI_Handler              [WEAK
]
  219 0000002E                 EXPORT           RTC_Handler              [WEAK]
  220 0000002E                 EXPORT           SDI_Handler              [WEAK]
  221 0000002E                 EXPORT           SPI1_Handler              [WEAK
]
  222 0000002E         



ARM Macro Assembler    Page 6 


  223 0000002E         SCM_Handler
  224 0000002E         GPIO_Handler
  225 0000002E         T0_Handler
  226 0000002E         SEA_Handler
  227 0000002E         AEA_Handler
  228 0000002E         SPI0_Handler
  229 0000002E         TRNG_Handler
  230 0000002E         USB_Handler
  231 0000002E         T1_Handler
  232 0000002E         T2_Handler
  233 0000002E         SSI_Handler
  234 0000002E         UART0_Handler
  235 0000002E         I2C0_Handler
  236 0000002E         SWPS_Handler
  237 0000002E         SWPM_Handler
  238 0000002E         ISO7816_Handler
  239 0000002E         SCI_Handler
  240 0000002E         ACMP_Handler
  241 0000002E         VPWM_Handler
  242 0000002E         SDSI_Handler
  243 0000002E         RTC_Handler
  244 0000002E         SDI_Handler
  245 0000002E         SPI1_Handler
  246 0000002E E7FE            B                .
  247 00000030                 ENDP
  248 00000030         
  249 00000030                 ALIGN
  250 00000030         
  251 00000030         
  252 00000030         
  253 00000030         ; User Initial Stack & Heap
  254 00000030         
  255 00000030                 IF               :DEF:__MICROLIB
  262 00000030         
  263 00000030                 IMPORT           __use_two_region_memory
  264 00000030                 EXPORT           __user_initial_stackheap
  265 00000030         __user_initial_stackheap
  266 00000030         
  267 00000030         ;LDR     R0, =  Heap_Mem
  268 00000030         ;LDR     R1, =(Stack_Mem + Stack_Size)
  269 00000030         ;LDR     R2, = (Heap_Mem +  Heap_Size)
  270 00000030         ;LDR     R3, = Stack_Mem
  271 00000030         ;BX      LR
  272 00000030         ; modified for scatter file, 2013.04.07, coins
  273 00000030                 IMPORT           |Image$$STACK$$Base|
  274 00000030                 IMPORT           |Image$$STACK$$ZI$$Limit|
  275 00000030                 IMPORT           |Image$$HEAP$$Base|
  276 00000030                 IMPORT           |Image$$HEAP$$ZI$$Limit|
  277 00000030 4805            LDR              R0, = |Image$$HEAP$$Base|
  278 00000032 4906            LDR              R1, = |Image$$STACK$$ZI$$Limit|
  279 00000034 4A06            LDR              R2, = |Image$$HEAP$$ZI$$Limit|
  280 00000036 4B07            LDR              R3, = |Image$$STACK$$Base|
  281 00000038 4770            BX               LR
  282 0000003A         
  283 0000003A 00 00           ALIGN
  284 0000003C         
  285 0000003C                 ENDIF
  286 0000003C                 END
              00000000 



ARM Macro Assembler    Page 7 


              00000000 
              00000000 
              00000000 
              00000000 
              00000000 
              00000000 
Command Line: --debug --xref --cpu=Cortex-M0 --apcs=interwork --depend=.\obj\st
artup_SY03.d -o.\obj\startup_SY03.o -I"C:\Program Files\Keil\ARM\RV31\Inc" -I"C
:\Program Files\Keil\ARM\CMSIS\Include" --list=.\obj\startup_SY03.lst ..\Startu
p\startup_SY03.s



ARM Macro Assembler    Page 1 Alphabetic symbol ordering
Relocatable symbols

STACK_TOP 00000000

Symbol: STACK_TOP
   Definitions
      At line 41 in file ..\Startup\startup_SY03.s
   Uses
      None
Comment: STACK_TOP unused
__initial_sp 00000000

Symbol: __initial_sp
   Definitions
      At line 42 in file ..\Startup\startup_SY03.s
   Uses
      At line 74 in file ..\Startup\startup_SY03.s
Comment: __initial_sp used once
2 symbols



ARM Macro Assembler    Page 1 Alphabetic symbol ordering
Relocatable symbols

HEAP_BOTTOM 00000000

Symbol: HEAP_BOTTOM
   Definitions
      At line 57 in file ..\Startup\startup_SY03.s
   Uses
      None
Comment: HEAP_BOTTOM unused
__heap_base 00000000

Symbol: __heap_base
   Definitions
      At line 58 in file ..\Startup\startup_SY03.s
   Uses
      At line 138 in file ..\Startup\startup_SY03.s
Comment: __heap_base used once
2 symbols



ARM Macro Assembler    Page 1 Alphabetic symbol ordering
Relocatable symbols

HEAP_TOP 00000000

Symbol: HEAP_TOP
   Definitions
      At line 59 in file ..\Startup\startup_SY03.s
   Uses
      None
Comment: HEAP_TOP unused
__heap_limit 00000000

Symbol: __heap_limit
   Definitions
      At line 60 in file ..\Startup\startup_SY03.s
   Uses
      At line 139 in file ..\Startup\startup_SY03.s
Comment: __heap_limit used once
2 symbols



ARM Macro Assembler    Page 1 Alphabetic symbol ordering
Relocatable symbols

RESET 00000000

Symbol: RESET
   Definitions
      At line 69 in file ..\Startup\startup_SY03.s
   Uses
      None
Comment: RESET unused
__Vectors 00000000

Symbol: __Vectors
   Definitions
      At line 74 in file ..\Startup\startup_SY03.s
   Uses
      At line 70 in file ..\Startup\startup_SY03.s
      At line 142 in file ..\Startup\startup_SY03.s

__Vectors_End 00000100

Symbol: __Vectors_End
   Definitions
      At line 140 in file ..\Startup\startup_SY03.s
   Uses
      At line 71 in file ..\Startup\startup_SY03.s
      At line 142 in file ..\Startup\startup_SY03.s

3 symbols



ARM Macro Assembler    Page 1 Alphabetic symbol ordering
Relocatable symbols

.text 00000000

Symbol: .text
   Definitions
      At line 143 in file ..\Startup\startup_SY03.s
   Uses
      None
Comment: .text unused
ACMP_Handler 0000002E

Symbol: ACMP_Handler
   Definitions
      At line 240 in file ..\Startup\startup_SY03.s
   Uses
      At line 108 in file ..\Startup\startup_SY03.s
      At line 216 in file ..\Startup\startup_SY03.s

AEA_Handler 0000002E

Symbol: AEA_Handler
   Definitions
      At line 227 in file ..\Startup\startup_SY03.s
   Uses
      At line 95 in file ..\Startup\startup_SY03.s
      At line 203 in file ..\Startup\startup_SY03.s

Default_Handler 0000002E

Symbol: Default_Handler
   Definitions
      At line 198 in file ..\Startup\startup_SY03.s
   Uses
      None
Comment: Default_Handler unused
GPIO_Handler 0000002E

Symbol: GPIO_Handler
   Definitions
      At line 224 in file ..\Startup\startup_SY03.s
   Uses
      At line 92 in file ..\Startup\startup_SY03.s
      At line 200 in file ..\Startup\startup_SY03.s

HardFault_Handler 00000026

Symbol: HardFault_Handler
   Definitions
      At line 182 in file ..\Startup\startup_SY03.s
   Uses
      At line 77 in file ..\Startup\startup_SY03.s
      At line 183 in file ..\Startup\startup_SY03.s

I2C0_Handler 0000002E

Symbol: I2C0_Handler
   Definitions
      At line 235 in file ..\Startup\startup_SY03.s
   Uses
      At line 103 in file ..\Startup\startup_SY03.s



ARM Macro Assembler    Page 2 Alphabetic symbol ordering
Relocatable symbols

      At line 211 in file ..\Startup\startup_SY03.s

ISO7816_Handler 0000002E

Symbol: ISO7816_Handler
   Definitions
      At line 238 in file ..\Startup\startup_SY03.s
   Uses
      At line 106 in file ..\Startup\startup_SY03.s
      At line 214 in file ..\Startup\startup_SY03.s

NMI_Handler 00000024

Symbol: NMI_Handler
   Definitions
      At line 177 in file ..\Startup\startup_SY03.s
   Uses
      At line 76 in file ..\Startup\startup_SY03.s
      At line 178 in file ..\Startup\startup_SY03.s

PendSV_Handler 0000002A

Symbol: PendSV_Handler
   Definitions
      At line 190 in file ..\Startup\startup_SY03.s
   Uses
      At line 88 in file ..\Startup\startup_SY03.s
      At line 191 in file ..\Startup\startup_SY03.s

REG_PROT_VAL 00000020

Symbol: REG_PROT_VAL
   Definitions
      At line 173 in file ..\Startup\startup_SY03.s
   Uses
      At line 158 in file ..\Startup\startup_SY03.s
Comment: REG_PROT_VAL used once
RTC_Handler 0000002E

Symbol: RTC_Handler
   Definitions
      At line 243 in file ..\Startup\startup_SY03.s
   Uses
      At line 111 in file ..\Startup\startup_SY03.s
      At line 219 in file ..\Startup\startup_SY03.s

Reset_Handler 00000000

Symbol: Reset_Handler
   Definitions
      At line 148 in file ..\Startup\startup_SY03.s
   Uses
      At line 75 in file ..\Startup\startup_SY03.s
      At line 149 in file ..\Startup\startup_SY03.s

SCI_Handler 0000002E

Symbol: SCI_Handler
   Definitions



ARM Macro Assembler    Page 3 Alphabetic symbol ordering
Relocatable symbols

      At line 239 in file ..\Startup\startup_SY03.s
   Uses
      At line 107 in file ..\Startup\startup_SY03.s
      At line 215 in file ..\Startup\startup_SY03.s

SCM_BASE_ADDR 0000001C

Symbol: SCM_BASE_ADDR
   Definitions
      At line 172 in file ..\Startup\startup_SY03.s
   Uses
      At line 157 in file ..\Startup\startup_SY03.s
Comment: SCM_BASE_ADDR used once
SCM_Handler 0000002E

Symbol: SCM_Handler
   Definitions
      At line 223 in file ..\Startup\startup_SY03.s
   Uses
      At line 91 in file ..\Startup\startup_SY03.s
      At line 199 in file ..\Startup\startup_SY03.s

SDI_Handler 0000002E

Symbol: SDI_Handler
   Definitions
      At line 244 in file ..\Startup\startup_SY03.s
   Uses
      At line 117 in file ..\Startup\startup_SY03.s
      At line 220 in file ..\Startup\startup_SY03.s

SDSI_Handler 0000002E

Symbol: SDSI_Handler
   Definitions
      At line 242 in file ..\Startup\startup_SY03.s
   Uses
      At line 110 in file ..\Startup\startup_SY03.s
      At line 218 in file ..\Startup\startup_SY03.s

SEA_Handler 0000002E

Symbol: SEA_Handler
   Definitions
      At line 226 in file ..\Startup\startup_SY03.s
   Uses
      At line 94 in file ..\Startup\startup_SY03.s
      At line 202 in file ..\Startup\startup_SY03.s

SPI0_Handler 0000002E

Symbol: SPI0_Handler
   Definitions
      At line 228 in file ..\Startup\startup_SY03.s
   Uses
      At line 96 in file ..\Startup\startup_SY03.s
      At line 204 in file ..\Startup\startup_SY03.s

SPI1_Handler 0000002E



ARM Macro Assembler    Page 4 Alphabetic symbol ordering
Relocatable symbols


Symbol: SPI1_Handler
   Definitions
      At line 245 in file ..\Startup\startup_SY03.s
   Uses
      At line 118 in file ..\Startup\startup_SY03.s
      At line 221 in file ..\Startup\startup_SY03.s

SSI_Handler 0000002E

Symbol: SSI_Handler
   Definitions
      At line 233 in file ..\Startup\startup_SY03.s
   Uses
      At line 101 in file ..\Startup\startup_SY03.s
      At line 209 in file ..\Startup\startup_SY03.s

SVC_Handler 00000028

Symbol: SVC_Handler
   Definitions
      At line 186 in file ..\Startup\startup_SY03.s
   Uses
      At line 85 in file ..\Startup\startup_SY03.s
      At line 187 in file ..\Startup\startup_SY03.s

SWPM_Handler 0000002E

Symbol: SWPM_Handler
   Definitions
      At line 237 in file ..\Startup\startup_SY03.s
   Uses
      At line 105 in file ..\Startup\startup_SY03.s
      At line 213 in file ..\Startup\startup_SY03.s

SWPS_Handler 0000002E

Symbol: SWPS_Handler
   Definitions
      At line 236 in file ..\Startup\startup_SY03.s
   Uses
      At line 104 in file ..\Startup\startup_SY03.s
      At line 212 in file ..\Startup\startup_SY03.s

SysTick_Handler 0000002C

Symbol: SysTick_Handler
   Definitions
      At line 194 in file ..\Startup\startup_SY03.s
   Uses
      At line 89 in file ..\Startup\startup_SY03.s
      At line 195 in file ..\Startup\startup_SY03.s

T0_Handler 0000002E

Symbol: T0_Handler
   Definitions
      At line 225 in file ..\Startup\startup_SY03.s
   Uses



ARM Macro Assembler    Page 5 Alphabetic symbol ordering
Relocatable symbols

      At line 93 in file ..\Startup\startup_SY03.s
      At line 201 in file ..\Startup\startup_SY03.s

T1_Handler 0000002E

Symbol: T1_Handler
   Definitions
      At line 231 in file ..\Startup\startup_SY03.s
   Uses
      At line 99 in file ..\Startup\startup_SY03.s
      At line 207 in file ..\Startup\startup_SY03.s

T2_Handler 0000002E

Symbol: T2_Handler
   Definitions
      At line 232 in file ..\Startup\startup_SY03.s
   Uses
      At line 100 in file ..\Startup\startup_SY03.s
      At line 208 in file ..\Startup\startup_SY03.s

TRNG_Handler 0000002E

Symbol: TRNG_Handler
   Definitions
      At line 229 in file ..\Startup\startup_SY03.s
   Uses
      At line 97 in file ..\Startup\startup_SY03.s
      At line 205 in file ..\Startup\startup_SY03.s

UART0_Handler 0000002E

Symbol: UART0_Handler
   Definitions
      At line 234 in file ..\Startup\startup_SY03.s
   Uses
      At line 102 in file ..\Startup\startup_SY03.s
      At line 210 in file ..\Startup\startup_SY03.s

USB_Handler 0000002E

Symbol: USB_Handler
   Definitions
      At line 230 in file ..\Startup\startup_SY03.s
   Uses
      At line 98 in file ..\Startup\startup_SY03.s
      At line 206 in file ..\Startup\startup_SY03.s

VPWM_Handler 0000002E

Symbol: VPWM_Handler
   Definitions
      At line 241 in file ..\Startup\startup_SY03.s
   Uses
      At line 109 in file ..\Startup\startup_SY03.s
      At line 217 in file ..\Startup\startup_SY03.s

__user_initial_stackheap 00000030




ARM Macro Assembler    Page 6 Alphabetic symbol ordering
Relocatable symbols

Symbol: __user_initial_stackheap
   Definitions
      At line 265 in file ..\Startup\startup_SY03.s
   Uses
      At line 264 in file ..\Startup\startup_SY03.s
Comment: __user_initial_stackheap used once
34 symbols



ARM Macro Assembler    Page 1 Alphabetic symbol ordering
Absolute symbols

__Vectors_Size 00000100

Symbol: __Vectors_Size
   Definitions
      At line 142 in file ..\Startup\startup_SY03.s
   Uses
      At line 72 in file ..\Startup\startup_SY03.s
Comment: __Vectors_Size used once
1 symbol



ARM Macro Assembler    Page 1 Alphabetic symbol ordering
External symbols

Image$$HEAP$$Base 00000000

Symbol: Image$$HEAP$$Base
   Definitions
      At line 275 in file ..\Startup\startup_SY03.s
   Uses
      At line 277 in file ..\Startup\startup_SY03.s
Comment: Image$$HEAP$$Base used once
Image$$HEAP$$ZI$$Limit 00000000

Symbol: Image$$HEAP$$ZI$$Limit
   Definitions
      At line 276 in file ..\Startup\startup_SY03.s
   Uses
      At line 279 in file ..\Startup\startup_SY03.s
Comment: Image$$HEAP$$ZI$$Limit used once
Image$$STACK$$Base 00000000

Symbol: Image$$STACK$$Base
   Definitions
      At line 273 in file ..\Startup\startup_SY03.s
   Uses
      At line 280 in file ..\Startup\startup_SY03.s
Comment: Image$$STACK$$Base used once
Image$$STACK$$ZI$$Limit 00000000

Symbol: Image$$STACK$$ZI$$Limit
   Definitions
      At line 274 in file ..\Startup\startup_SY03.s
   Uses
      At line 278 in file ..\Startup\startup_SY03.s
Comment: Image$$STACK$$ZI$$Limit used once
SYS_GenSramKey 00000000

Symbol: SYS_GenSramKey
   Definitions
      At line 153 in file ..\Startup\startup_SY03.s
   Uses
      At line 155 in file ..\Startup\startup_SY03.s
Comment: SYS_GenSramKey used once
SystemInit 00000000

Symbol: SystemInit
   Definitions
      At line 151 in file ..\Startup\startup_SY03.s
   Uses
      At line 166 in file ..\Startup\startup_SY03.s
Comment: SystemInit used once
__main 00000000

Symbol: __main
   Definitions
      At line 150 in file ..\Startup\startup_SY03.s
   Uses
      At line 168 in file ..\Startup\startup_SY03.s
Comment: __main used once
__use_two_region_memory 00000000

Symbol: __use_two_region_memory



ARM Macro Assembler    Page 2 Alphabetic symbol ordering
External symbols

   Definitions
      At line 263 in file ..\Startup\startup_SY03.s
   Uses
      None
Comment: __use_two_region_memory unused
8 symbols
386 symbols in table
