D:\PROJECTS\D2018-237-ZJCAVPN\BUILD\WIN32\LZO\DEBUG\LZO1X_D3.OBJ
D:\PROJECTS\D2018-237-ZJCAVPN\BUILD\WIN32\LZO\DEBUG\LZO1X_O.OBJ
D:\PROJECTS\D2018-237-ZJCAVPN\BUILD\WIN32\LZO\DEBUG\LZO1Y_1.OBJ
D:\PROJECTS\D2018-237-ZJCAVPN\BUILD\WIN32\LZO\DEBUG\LZO1Y_9X.OBJ
D:\PROJECTS\D2018-237-ZJCAVPN\BUILD\WIN32\LZO\DEBUG\LZO1Y_D1.OBJ
D:\PROJECTS\D2018-237-ZJCAVPN\BUILD\WIN32\LZO\DEBUG\LZO1Y_D2.OBJ
D:\PROJECTS\D2018-237-ZJCAVPN\BUILD\WIN32\LZO\DEBUG\LZO1Y_D3.OBJ
D:\PROJECTS\D2018-237-ZJCAVPN\BUILD\WIN32\LZO\DEBUG\LZO1Y_O.OBJ
D:\PROJECTS\D2018-237-ZJCAVPN\BUILD\WIN32\LZO\DEBUG\LZO1Z_9X.OBJ
D:\PROJECTS\D2018-237-ZJCAVPN\BUILD\WIN32\LZO\DEBUG\LZO1Z_D1.OBJ
D:\PROJECTS\D2018-237-ZJCAVPN\BUILD\WIN32\LZO\DEBUG\LZO1Z_D2.OBJ
D:\PROJECTS\D2018-237-ZJCAVPN\BUILD\WIN32\LZO\DEBUG\LZO1Z_D3.OBJ
D:\PROJECTS\D2018-237-ZJCAVPN\BUILD\WIN32\LZO\DEBUG\LZO2A_9X.OBJ
D:\PROJECTS\D2018-237-ZJCAVPN\BUILD\WIN32\LZO\DEBUG\LZO2A_D1.OBJ
D:\PROJECTS\D2018-237-ZJCAVPN\BUILD\WIN32\LZO\DEBUG\LZO2A_D2.OBJ
D:\PROJECTS\D2018-237-ZJCAVPN\BUILD\WIN32\LZO\DEBUG\LZO_CRC.OBJ
D:\PROJECTS\D2018-237-ZJCAVPN\BUILD\WIN32\LZO\DEBUG\LZO_INIT.OBJ
D:\PROJECTS\D2018-237-ZJCAVPN\BUILD\WIN32\LZO\DEBUG\LZO_PTR.OBJ
D:\PROJECTS\D2018-237-ZJCAVPN\BUILD\WIN32\LZO\DEBUG\LZO_STR.OBJ
D:\PROJECTS\D2018-237-ZJCAVPN\BUILD\WIN32\LZO\DEBUG\LZO_UTIL.OBJ
D:\PROJECTS\D2018-237-ZJCAVPN\BUILD\WIN32\LZO\DEBUG\LZO1C_8.OBJ
D:\PROJECTS\D2018-237-ZJCAVPN\BUILD\WIN32\LZO\DEBUG\LZO1C_9.OBJ
D:\PROJECTS\D2018-237-ZJCAVPN\BUILD\WIN32\LZO\DEBUG\LZO1C_99.OBJ
D:\PROJECTS\D2018-237-ZJCAVPN\BUILD\WIN32\LZO\DEBUG\LZO1C_9X.OBJ
D:\PROJECTS\D2018-237-ZJCAVPN\BUILD\WIN32\LZO\DEBUG\LZO1C_CC.OBJ
D:\PROJECTS\D2018-237-ZJCAVPN\BUILD\WIN32\LZO\DEBUG\LZO1C_D1.OBJ
D:\PROJECTS\D2018-237-ZJCAVPN\BUILD\WIN32\LZO\DEBUG\LZO1C_D2.OBJ
D:\PROJECTS\D2018-237-ZJCAVPN\BUILD\WIN32\LZO\DEBUG\LZO1C_RR.OBJ
D:\PROJECTS\D2018-237-ZJCAVPN\BUILD\WIN32\LZO\DEBUG\LZO1C_XX.OBJ
D:\PROJECTS\D2018-237-ZJCAVPN\BUILD\WIN32\LZO\DEBUG\LZO1F_1.OBJ
D:\PROJECTS\D2018-237-ZJCAVPN\BUILD\WIN32\LZO\DEBUG\LZO1F_9X.OBJ
D:\PROJECTS\D2018-237-ZJCAVPN\BUILD\WIN32\LZO\DEBUG\LZO1F_D1.OBJ
D:\PROJECTS\D2018-237-ZJCAVPN\BUILD\WIN32\LZO\DEBUG\LZO1F_D2.OBJ
D:\PROJECTS\D2018-237-ZJCAVPN\BUILD\WIN32\LZO\DEBUG\LZO1X_1.OBJ
D:\PROJECTS\D2018-237-ZJCAVPN\BUILD\WIN32\LZO\DEBUG\LZO1X_1K.OBJ
D:\PROJECTS\D2018-237-ZJCAVPN\BUILD\WIN32\LZO\DEBUG\LZO1X_1L.OBJ
D:\PROJECTS\D2018-237-ZJCAVPN\BUILD\WIN32\LZO\DEBUG\LZO1X_1O.OBJ
D:\PROJECTS\D2018-237-ZJCAVPN\BUILD\WIN32\LZO\DEBUG\LZO1X_9X.OBJ
D:\PROJECTS\D2018-237-ZJCAVPN\BUILD\WIN32\LZO\DEBUG\LZO1X_D1.OBJ
D:\PROJECTS\D2018-237-ZJCAVPN\BUILD\WIN32\LZO\DEBUG\LZO1X_D2.OBJ
D:\PROJECTS\D2018-237-ZJCAVPN\BUILD\WIN32\LZO\DEBUG\LZO1B_4.OBJ
D:\PROJECTS\D2018-237-ZJCAVPN\BUILD\WIN32\LZO\DEBUG\LZO1B_5.OBJ
D:\PROJECTS\D2018-237-ZJCAVPN\BUILD\WIN32\LZO\DEBUG\LZO1B_6.OBJ
D:\PROJECTS\D2018-237-ZJCAVPN\BUILD\WIN32\LZO\DEBUG\LZO1B_7.OBJ
D:\PROJECTS\D2018-237-ZJCAVPN\BUILD\WIN32\LZO\DEBUG\LZO1B_8.OBJ
D:\PROJECTS\D2018-237-ZJCAVPN\BUILD\WIN32\LZO\DEBUG\LZO1B_9.OBJ
D:\PROJECTS\D2018-237-ZJCAVPN\BUILD\WIN32\LZO\DEBUG\LZO1B_99.OBJ
D:\PROJECTS\D2018-237-ZJCAVPN\BUILD\WIN32\LZO\DEBUG\LZO1B_9X.OBJ
D:\PROJECTS\D2018-237-ZJCAVPN\BUILD\WIN32\LZO\DEBUG\LZO1B_CC.OBJ
D:\PROJECTS\D2018-237-ZJCAVPN\BUILD\WIN32\LZO\DEBUG\LZO1B_D1.OBJ
D:\PROJECTS\D2018-237-ZJCAVPN\BUILD\WIN32\LZO\DEBUG\LZO1B_D2.OBJ
D:\PROJECTS\D2018-237-ZJCAVPN\BUILD\WIN32\LZO\DEBUG\LZO1B_RR.OBJ
D:\PROJECTS\D2018-237-ZJCAVPN\BUILD\WIN32\LZO\DEBUG\LZO1B_XX.OBJ
D:\PROJECTS\D2018-237-ZJCAVPN\BUILD\WIN32\LZO\DEBUG\LZO1C_1.OBJ
D:\PROJECTS\D2018-237-ZJCAVPN\BUILD\WIN32\LZO\DEBUG\LZO1C_2.OBJ
D:\PROJECTS\D2018-237-ZJCAVPN\BUILD\WIN32\LZO\DEBUG\LZO1C_3.OBJ
D:\PROJECTS\D2018-237-ZJCAVPN\BUILD\WIN32\LZO\DEBUG\LZO1C_4.OBJ
D:\PROJECTS\D2018-237-ZJCAVPN\BUILD\WIN32\LZO\DEBUG\LZO1C_5.OBJ
D:\PROJECTS\D2018-237-ZJCAVPN\BUILD\WIN32\LZO\DEBUG\LZO1C_6.OBJ
D:\PROJECTS\D2018-237-ZJCAVPN\BUILD\WIN32\LZO\DEBUG\LZO1C_7.OBJ
D:\PROJECTS\D2018-237-ZJCAVPN\BUILD\WIN32\LZO\DEBUG\LZO1.OBJ
D:\PROJECTS\D2018-237-ZJCAVPN\BUILD\WIN32\LZO\DEBUG\LZO1_99.OBJ
D:\PROJECTS\D2018-237-ZJCAVPN\BUILD\WIN32\LZO\DEBUG\LZO1A.OBJ
D:\PROJECTS\D2018-237-ZJCAVPN\BUILD\WIN32\LZO\DEBUG\LZO1A_99.OBJ
D:\PROJECTS\D2018-237-ZJCAVPN\BUILD\WIN32\LZO\DEBUG\LZO1B_1.OBJ
D:\PROJECTS\D2018-237-ZJCAVPN\BUILD\WIN32\LZO\DEBUG\LZO1B_2.OBJ
D:\PROJECTS\D2018-237-ZJCAVPN\BUILD\WIN32\LZO\DEBUG\LZO1B_3.OBJ
D:\PROJECTS\D2018-237-ZJCAVPN\BUILD\WIN32\LZO\DEBUG\VC110.PDB
D:\PROJECTS\D2018-237-ZJCAVPN\BUILD\WIN32\OUTPUT\DEBUG\LZO.LIB
D:\Projects\D2018-237-zjcavpn\build\win32\lzo\Debug\lzo1.obj
D:\Projects\D2018-237-zjcavpn\build\win32\lzo\Debug\lzo1a.obj
D:\Projects\D2018-237-zjcavpn\build\win32\lzo\Debug\lzo1a_99.obj
D:\Projects\D2018-237-zjcavpn\build\win32\lzo\Debug\lzo1b_1.obj
D:\Projects\D2018-237-zjcavpn\build\win32\lzo\Debug\lzo1b_2.obj
D:\Projects\D2018-237-zjcavpn\build\win32\lzo\Debug\lzo1b_3.obj
D:\Projects\D2018-237-zjcavpn\build\win32\lzo\Debug\lzo1b_4.obj
D:\Projects\D2018-237-zjcavpn\build\win32\lzo\Debug\lzo1b_5.obj
D:\Projects\D2018-237-zjcavpn\build\win32\lzo\Debug\lzo1b_6.obj
D:\Projects\D2018-237-zjcavpn\build\win32\lzo\Debug\lzo1b_7.obj
D:\Projects\D2018-237-zjcavpn\build\win32\lzo\Debug\lzo1b_8.obj
D:\Projects\D2018-237-zjcavpn\build\win32\lzo\Debug\lzo1b_9.obj
D:\Projects\D2018-237-zjcavpn\build\win32\lzo\Debug\lzo1b_99.obj
D:\Projects\D2018-237-zjcavpn\build\win32\lzo\Debug\lzo1b_9x.obj
D:\Projects\D2018-237-zjcavpn\build\win32\lzo\Debug\lzo1b_cc.obj
D:\Projects\D2018-237-zjcavpn\build\win32\lzo\Debug\lzo1b_d1.obj
D:\Projects\D2018-237-zjcavpn\build\win32\lzo\Debug\lzo1b_d2.obj
D:\Projects\D2018-237-zjcavpn\build\win32\lzo\Debug\lzo1b_rr.obj
D:\Projects\D2018-237-zjcavpn\build\win32\lzo\Debug\lzo1b_xx.obj
D:\Projects\D2018-237-zjcavpn\build\win32\lzo\Debug\lzo1c_1.obj
D:\Projects\D2018-237-zjcavpn\build\win32\lzo\Debug\lzo1c_2.obj
D:\Projects\D2018-237-zjcavpn\build\win32\lzo\Debug\lzo1c_3.obj
D:\Projects\D2018-237-zjcavpn\build\win32\lzo\Debug\lzo1c_4.obj
D:\Projects\D2018-237-zjcavpn\build\win32\lzo\Debug\lzo1c_5.obj
D:\Projects\D2018-237-zjcavpn\build\win32\lzo\Debug\lzo1c_6.obj
D:\Projects\D2018-237-zjcavpn\build\win32\lzo\Debug\lzo1c_7.obj
D:\Projects\D2018-237-zjcavpn\build\win32\lzo\Debug\lzo1c_8.obj
D:\Projects\D2018-237-zjcavpn\build\win32\lzo\Debug\lzo1c_9.obj
D:\Projects\D2018-237-zjcavpn\build\win32\lzo\Debug\lzo1c_99.obj
D:\Projects\D2018-237-zjcavpn\build\win32\lzo\Debug\lzo1c_9x.obj
D:\Projects\D2018-237-zjcavpn\build\win32\lzo\Debug\lzo1c_cc.obj
D:\Projects\D2018-237-zjcavpn\build\win32\lzo\Debug\lzo1c_d1.obj
D:\Projects\D2018-237-zjcavpn\build\win32\lzo\Debug\lzo1c_d2.obj
D:\Projects\D2018-237-zjcavpn\build\win32\lzo\Debug\lzo1c_rr.obj
D:\Projects\D2018-237-zjcavpn\build\win32\lzo\Debug\lzo1c_xx.obj
D:\Projects\D2018-237-zjcavpn\build\win32\lzo\Debug\lzo1f_1.obj
D:\Projects\D2018-237-zjcavpn\build\win32\lzo\Debug\lzo1f_9x.obj
D:\Projects\D2018-237-zjcavpn\build\win32\lzo\Debug\lzo1f_d1.obj
D:\Projects\D2018-237-zjcavpn\build\win32\lzo\Debug\lzo1f_d2.obj
D:\Projects\D2018-237-zjcavpn\build\win32\lzo\Debug\lzo1x_1.obj
D:\Projects\D2018-237-zjcavpn\build\win32\lzo\Debug\lzo1x_1k.obj
D:\Projects\D2018-237-zjcavpn\build\win32\lzo\Debug\lzo1x_1l.obj
D:\Projects\D2018-237-zjcavpn\build\win32\lzo\Debug\lzo1x_1o.obj
D:\Projects\D2018-237-zjcavpn\build\win32\lzo\Debug\lzo1x_9x.obj
D:\Projects\D2018-237-zjcavpn\build\win32\lzo\Debug\lzo1x_d1.obj
D:\Projects\D2018-237-zjcavpn\build\win32\lzo\Debug\lzo1x_d2.obj
D:\Projects\D2018-237-zjcavpn\build\win32\lzo\Debug\lzo1x_d3.obj
D:\Projects\D2018-237-zjcavpn\build\win32\lzo\Debug\lzo1x_o.obj
D:\Projects\D2018-237-zjcavpn\build\win32\lzo\Debug\lzo1y_1.obj
D:\Projects\D2018-237-zjcavpn\build\win32\lzo\Debug\lzo1y_9x.obj
D:\Projects\D2018-237-zjcavpn\build\win32\lzo\Debug\lzo1y_d1.obj
D:\Projects\D2018-237-zjcavpn\build\win32\lzo\Debug\lzo1y_d2.obj
D:\Projects\D2018-237-zjcavpn\build\win32\lzo\Debug\lzo1y_d3.obj
D:\Projects\D2018-237-zjcavpn\build\win32\lzo\Debug\lzo1y_o.obj
D:\Projects\D2018-237-zjcavpn\build\win32\lzo\Debug\lzo1z_9x.obj
D:\Projects\D2018-237-zjcavpn\build\win32\lzo\Debug\lzo1z_d1.obj
D:\Projects\D2018-237-zjcavpn\build\win32\lzo\Debug\lzo1z_d2.obj
D:\Projects\D2018-237-zjcavpn\build\win32\lzo\Debug\lzo1z_d3.obj
D:\Projects\D2018-237-zjcavpn\build\win32\lzo\Debug\lzo1_99.obj
D:\Projects\D2018-237-zjcavpn\build\win32\lzo\Debug\lzo2a_9x.obj
D:\Projects\D2018-237-zjcavpn\build\win32\lzo\Debug\lzo2a_d1.obj
D:\Projects\D2018-237-zjcavpn\build\win32\lzo\Debug\lzo2a_d2.obj
D:\Projects\D2018-237-zjcavpn\build\win32\lzo\Debug\lzo_crc.obj
D:\Projects\D2018-237-zjcavpn\build\win32\lzo\Debug\lzo_init.obj
D:\Projects\D2018-237-zjcavpn\build\win32\lzo\Debug\lzo_ptr.obj
D:\Projects\D2018-237-zjcavpn\build\win32\lzo\Debug\lzo_str.obj
D:\Projects\D2018-237-zjcavpn\build\win32\lzo\Debug\lzo_util.obj
D:\Projects\D2018-237-zjcavpn\build\win32\lzo\Debug\cl.command.1.tlog
D:\Projects\D2018-237-zjcavpn\build\win32\lzo\Debug\CL.read.1.tlog
D:\Projects\D2018-237-zjcavpn\build\win32\lzo\Debug\CL.write.1.tlog
D:\Projects\D2018-237-zjcavpn\build\win32\lzo\Debug\Lib-link.read.1.tlog
D:\Projects\D2018-237-zjcavpn\build\win32\lzo\Debug\Lib-link.write.1.tlog
D:\Projects\D2018-237-zjcavpn\build\win32\lzo\Debug\lib.command.1.tlog
D:\Projects\D2018-237-zjcavpn\build\win32\lzo\Debug\vc110.idb
D:\Projects\D2018-237-zjcavpn\build\win32\lzo\Debug\vc110.pdb
D:\Projects\D2018-237-zjcavpn\build\win32\output\Debug\lzo.lib
