D:\SYNO_PROJECTS\TRUNK\SYNOTFKEYSDK\SYNOTFKEYPKCS11\DEBUG\DECRYPT.OBJ
D:\SYNO_PROJECTS\TRUNK\SYNOTFKEYSDK\SYNOTFKEYPKCS11\DEBUG\DIGEST.OBJ
D:\SYNO_PROJECTS\TRUNK\SYNOTFKEYSDK\SYNOTFKEYPKCS11\DEBUG\DUAL.OBJ
D:\SYNO_PROJECTS\TRUNK\SYNOTFKEYSDK\SYNOTFKEYPKCS11\DEBUG\ENCRYPT.OBJ
D:\SYNO_PROJECTS\TRUNK\SYNOTFKEYSDK\SYNOTFKEYPKCS11\DEBUG\ERROR.OBJ
D:\SYNO_PROJECTS\TRUNK\SYNOTFKEYSDK\SYNOTFKEYPKCS11\DEBUG\GETINFO.OBJ
D:\SYNO_PROJECTS\TRUNK\SYNOTFKEYSDK\SYNOTFKEYPKCS11\DEBUG\HASH.OBJ
D:\SYNO_PROJECTS\TRUNK\SYNOTFKEYSDK\SYNOTFKEYPKCS11\DEBUG\INIT.OBJ
D:\SYNO_PROJECTS\TRUNK\SYNOTFKEYSDK\SYNOTFKEYPKCS11\DEBUG\KEY_MNG.OBJ
D:\SYNO_PROJECTS\TRUNK\SYNOTFKEYSDK\SYNOTFKEYPKCS11\DEBUG\MUTEX.OBJ
D:\SYNO_PROJECTS\TRUNK\SYNOTFKEYSDK\SYNOTFKEYPKCS11\DEBUG\OBJECTS.OBJ
D:\SYNO_PROJECTS\TRUNK\SYNOTFKEYSDK\SYNOTFKEYPKCS11\DEBUG\OTHER_FKTS.OBJ
D:\SYNO_PROJECTS\TRUNK\SYNOTFKEYSDK\SYNOTFKEYPKCS11\DEBUG\RANDOM.OBJ
D:\SYNO_PROJECTS\TRUNK\SYNOTFKEYSDK\SYNOTFKEYPKCS11\DEBUG\SESSIONS.OBJ
D:\SYNO_PROJECTS\TRUNK\SYNOTFKEYSDK\SYNOTFKEYPKCS11\DEBUG\SIGN.OBJ
D:\SYNO_PROJECTS\TRUNK\SYNOTFKEYSDK\SYNOTFKEYPKCS11\DEBUG\SLOT.OBJ
D:\SYNO_PROJECTS\TRUNK\SYNOTFKEYSDK\SYNOTFKEYPKCS11\DEBUG\SYNOTFKEYP11.OBJ
D:\SYNO_PROJECTS\TRUNK\SYNOTFKEYSDK\SYNOTFKEYPKCS11\DEBUG\TOKEN.OBJ
D:\SYNO_PROJECTS\TRUNK\SYNOTFKEYSDK\SYNOTFKEYPKCS11\DEBUG\UTILS.OBJ
D:\SYNO_PROJECTS\TRUNK\SYNOTFKEYSDK\SYNOTFKEYPKCS11\DEBUG\VERIFY.OBJ
D:\SYNO_PROJECTS\TRUNK\SYNOTFKEYSDK\SYNOTFKEYPKCS11\DEBUG\SYNOCONVERT.OBJ
D:\SYNO_PROJECTS\TRUNK\SYNOTFKEYSDK\SYNOTFKEYPKCS11\DEBUG\SYNODATAPADDING.OBJ
D:\SYNO_PROJECTS\TRUNK\SYNOTFKEYSDK\SYNOTFKEYPKCS11\DEBUG\SYNOERROR.OBJ
D:\SYNO_PROJECTS\TRUNK\SYNOTFKEYSDK\SYNOTFKEYPKCS11\DEBUG\SYNOLOG.OBJ
D:\SYNO_PROJECTS\TRUNK\SYNOTFKEYSDK\SYNOTFKEYPKCS11\DEBUG\SYNOMEMORY.OBJ
D:\SYNO_PROJECTS\TRUNK\SYNOTFKEYSDK\SYNOTFKEYPKCS11\DEBUG\DEVICE.OBJ
D:\SYNO_PROJECTS\TRUNK\SYNOTFKEYSDK\SYNOTFKEYPKCS11\DEBUG\SKFSHA1.OBJ
D:\SYNO_PROJECTS\TRUNK\SYNOTFKEYSDK\SYNOTFKEYPKCS11\DEBUG\SKFSMS4.OBJ
D:\SYNO_PROJECTS\TRUNK\SYNOTFKEYSDK\SYNOTFKEYPKCS11\DEBUG\SMARTCARD.OBJ
D:\SYNO_PROJECTS\TRUNK\SYNOTFKEYSDK\SYNOTFKEYPKCS11\DEBUG\VC110.PDB
D:\SYNO_PROJECTS\TRUNK\SYNOTFKEYSDK\DEBUG\SYNOTFKEYPKCS11.ILK
D:\SYNO_PROJECTS\TRUNK\SYNOTFKEYSDK\DEBUG\SYNOTFKEYPKCS11.DLL
D:\SYNO_PROJECTS\TRUNK\SYNOTFKEYSDK\DEBUG\SYNOTFKEYPKCS11.PDB
D:\Syno_Projects\trunk\SynoTFKeySDK\Debug\SynoTFKeyPkcs11.lib
D:\Syno_Projects\trunk\SynoTFKeySDK\Debug\SynoTFKeyPkcs11.exp
D:\Syno_Projects\trunk\SynoTFKeySDK\SynoTFKeyPkcs11\Debug\decrypt.obj
D:\Syno_Projects\trunk\SynoTFKeySDK\SynoTFKeyPkcs11\Debug\device.obj
D:\Syno_Projects\trunk\SynoTFKeySDK\SynoTFKeyPkcs11\Debug\digest.obj
D:\Syno_Projects\trunk\SynoTFKeySDK\SynoTFKeyPkcs11\Debug\dual.obj
D:\Syno_Projects\trunk\SynoTFKeySDK\SynoTFKeyPkcs11\Debug\encrypt.obj
D:\Syno_Projects\trunk\SynoTFKeySDK\SynoTFKeyPkcs11\Debug\error.obj
D:\Syno_Projects\trunk\SynoTFKeySDK\SynoTFKeyPkcs11\Debug\getInfo.obj
D:\Syno_Projects\trunk\SynoTFKeySDK\SynoTFKeyPkcs11\Debug\hash.obj
D:\Syno_Projects\trunk\SynoTFKeySDK\SynoTFKeyPkcs11\Debug\init.obj
D:\Syno_Projects\trunk\SynoTFKeySDK\SynoTFKeyPkcs11\Debug\key_mng.obj
D:\Syno_Projects\trunk\SynoTFKeySDK\SynoTFKeyPkcs11\Debug\mutex.obj
D:\Syno_Projects\trunk\SynoTFKeySDK\SynoTFKeyPkcs11\Debug\objects.obj
D:\Syno_Projects\trunk\SynoTFKeySDK\SynoTFKeyPkcs11\Debug\other_fkts.obj
D:\Syno_Projects\trunk\SynoTFKeySDK\SynoTFKeyPkcs11\Debug\random.obj
D:\Syno_Projects\trunk\SynoTFKeySDK\SynoTFKeyPkcs11\Debug\sessions.obj
D:\Syno_Projects\trunk\SynoTFKeySDK\SynoTFKeyPkcs11\Debug\sign.obj
D:\Syno_Projects\trunk\SynoTFKeySDK\SynoTFKeyPkcs11\Debug\skfsha1.obj
D:\Syno_Projects\trunk\SynoTFKeySDK\SynoTFKeyPkcs11\Debug\skfsms4.obj
D:\Syno_Projects\trunk\SynoTFKeySDK\SynoTFKeyPkcs11\Debug\slot.obj
D:\Syno_Projects\trunk\SynoTFKeySDK\SynoTFKeyPkcs11\Debug\smartcard.obj
D:\Syno_Projects\trunk\SynoTFKeySDK\SynoTFKeyPkcs11\Debug\SynoConvert.obj
D:\Syno_Projects\trunk\SynoTFKeySDK\SynoTFKeyPkcs11\Debug\SynoDataPadding.obj
D:\Syno_Projects\trunk\SynoTFKeySDK\SynoTFKeyPkcs11\Debug\SynoError.obj
D:\Syno_Projects\trunk\SynoTFKeySDK\SynoTFKeyPkcs11\Debug\SynoLog.obj
D:\Syno_Projects\trunk\SynoTFKeySDK\SynoTFKeyPkcs11\Debug\SynoMemory.obj
D:\Syno_Projects\trunk\SynoTFKeySDK\SynoTFKeyPkcs11\Debug\SynoTFKeyP11.obj
D:\Syno_Projects\trunk\SynoTFKeySDK\SynoTFKeyPkcs11\Debug\token.obj
D:\Syno_Projects\trunk\SynoTFKeySDK\SynoTFKeyPkcs11\Debug\utils.obj
D:\Syno_Projects\trunk\SynoTFKeySDK\SynoTFKeyPkcs11\Debug\verify.obj
D:\Syno_Projects\trunk\SynoTFKeySDK\SynoTFKeyPkcs11\Debug\cl.command.1.tlog
D:\Syno_Projects\trunk\SynoTFKeySDK\SynoTFKeyPkcs11\Debug\CL.read.1.tlog
D:\Syno_Projects\trunk\SynoTFKeySDK\SynoTFKeyPkcs11\Debug\CL.write.1.tlog
D:\Syno_Projects\trunk\SynoTFKeySDK\SynoTFKeyPkcs11\Debug\link-cvtres.read.1.tlog
D:\Syno_Projects\trunk\SynoTFKeySDK\SynoTFKeyPkcs11\Debug\link-cvtres.write.1.tlog
D:\Syno_Projects\trunk\SynoTFKeySDK\SynoTFKeyPkcs11\Debug\link-rc.read.1.tlog
D:\Syno_Projects\trunk\SynoTFKeySDK\SynoTFKeyPkcs11\Debug\link-rc.write.1.tlog
D:\Syno_Projects\trunk\SynoTFKeySDK\SynoTFKeyPkcs11\Debug\link.command.1.tlog
D:\Syno_Projects\trunk\SynoTFKeySDK\SynoTFKeyPkcs11\Debug\link.read.1.tlog
D:\Syno_Projects\trunk\SynoTFKeySDK\SynoTFKeyPkcs11\Debug\link.write.1.tlog
D:\Syno_Projects\trunk\SynoTFKeySDK\SynoTFKeyPkcs11\Debug\SynoTFKeyPkcs11.write.1.tlog
D:\Syno_Projects\trunk\SynoTFKeySDK\SynoTFKeyPkcs11\Debug\vc110.idb
D:\Syno_Projects\trunk\SynoTFKeySDK\SynoTFKeyPkcs11\Debug\vc110.pdb
D:\Syno_Projects\trunk\SynoTFKeySDK\Debug\SynoTFKeyPkcs11.pdb
D:\Syno_Projects\trunk\SynoTFKeySDK\Debug\SynoTFKeyPkcs11.dll
D:\Syno_Projects\trunk\SynoTFKeySDK\Debug\SynoTFKeyPkcs11.ilk
