Build started 2016/3/27 17:18:30.
     1>Project "D:\Syno_Projects\trunk\SynoTFKeySDK\SynoTFKeyPkcs11\SynoTFKeyPkcs11.vcxproj" on node 2 (Build target(s)).
     1>ClCompile:
         C:\Program Files\Microsoft Visual Studio 11.0\VC\bin\CL.exe /c /I..\Common /I.\PKCS11 /I..\SynoTFKey /ZI /nologo /W3 /WX- /Od /Oy- /D WIN32 /D _DEBUG /D _CRT_SECURE_NO_WARNINGS /D CRYPTOKI_EXPORTS /D USE_ONE_FILE /D _WINDLL /D _UNICODE /D UNICODE /Gm /EHsc /RTC1 /MTd /GS /fp:precise /Zc:wchar_t /Zc:forScope /Fo"Debug\\" /Fd"Debug\vc110.pdb" /Gd /TC /analyze- /errorReport:prompt SynoTFKeyP11.c
         SynoTFKeyP11.c
     1>d:\syno_projects\trunk\synotfkeysdk\synotfkeypkcs11\synotfkeyp11.c(184): warning C4996: '_sleep': This function or variable has been superceded by newer library or operating system functionality. Consider using Sleep instead. See online help for details.
                 c:\program files\microsoft visual studio 11.0\vc\include\stdlib.h(881) : see declaration of '_sleep'
       Link:
         C:\Program Files\Microsoft Visual Studio 11.0\VC\bin\link.exe /ERRORREPORT:PROMPT /OUT:"D:\Syno_Projects\trunk\SynoTFKeySDK\Debug\SynoTFKeyPkcs11.dll" /INCREMENTAL /NOLOGO kernel32.lib user32.lib gdi32.lib winspool.lib comdlg32.lib advapi32.lib shell32.lib ole32.lib oleaut32.lib uuid.lib odbc32.lib odbccp32.lib /MANIFEST /MANIFESTUAC:"level='asInvoker' uiAccess='false'" /manifest:embed /DEBUG /PDB:"D:\Syno_Projects\trunk\SynoTFKeySDK\Debug\SynoTFKeyPkcs11.pdb" /SUBSYSTEM:CONSOLE /TLBID:1 /DYNAMICBASE /NXCOMPAT /IMPLIB:"D:\Syno_Projects\trunk\SynoTFKeySDK\Debug\SynoTFKeyPkcs11.lib" /MACHINE:X86 /SAFESEH /DLL Debug\SynoConvert.obj
         Debug\SynoDataPadding.obj
         Debug\SynoError.obj
         Debug\SynoLog.obj
         Debug\SynoMemory.obj
         Debug\device.obj
         Debug\skfsha1.obj
         Debug\skfsms4.obj
         Debug\smartcard.obj
         Debug\decrypt.obj
         Debug\digest.obj
         Debug\dual.obj
         Debug\encrypt.obj
         Debug\error.obj
         Debug\getInfo.obj
         Debug\hash.obj
         Debug\init.obj
         Debug\key_mng.obj
         Debug\mutex.obj
         Debug\objects.obj
         Debug\other_fkts.obj
         Debug\random.obj
         Debug\sessions.obj
         Debug\sign.obj
         Debug\slot.obj
         Debug\SynoTFKeyP11.obj
         Debug\token.obj
         Debug\utils.obj
         Debug\verify.obj
         SynoTFKeyPkcs11.vcxproj -> D:\Syno_Projects\trunk\SynoTFKeySDK\Debug\SynoTFKeyPkcs11.dll
     1>Done Building Project "D:\Syno_Projects\trunk\SynoTFKeySDK\SynoTFKeyPkcs11\SynoTFKeyPkcs11.vcxproj" (Build target(s)).

Build succeeded.

Time Elapsed 00:00:00.87
