Build started 2016/3/27 17:19:13.
     1>Project "D:\Syno_Projects\trunk\SynoTFKeySDK\SynoTFKeySKF\SynoTFKeySKF.vcxproj" on node 2 (Build target(s)).
     1>ClCompile:
         C:\Program Files\Microsoft Visual Studio 11.0\VC\bin\CL.exe /c /I..\Common /I..\SynoTFKey /ZI /nologo /W3 /WX- /Od /Oy- /D WIN32 /D _DEBUG /D _WINDOWS /D _USRDLL /D USE_ONE_FILE /D SYNOTFKEYSKF_EXPORTS /D _CRT_SECURE_NO_WARNINGS /D _WINDLL /D _MBCS /Gm /EHsc /RTC1 /MTd /GS /fp:precise /Zc:wchar_t /Zc:forScope /Fo"Debug\\" /Fd"Debug\vc110.pdb" /Gd /TC /analyze- /errorReport:prompt SynoTFKeySKF.c
         SynoTFKeySKF.c
     1>d:\syno_projects\trunk\synotfkeysdk\synotfkeyskf\synotfkeyskf.c(154): warning C4996: '_sleep': This function or variable has been superceded by newer library or operating system functionality. Consider using Sleep instead. See online help for details.
                 c:\program files\microsoft visual studio 11.0\vc\include\stdlib.h(881) : see declaration of '_sleep'
       Link:
         C:\Program Files\Microsoft Visual Studio 11.0\VC\bin\link.exe /ERRORREPORT:PROMPT /OUT:"D:\Syno_Projects\trunk\SynoTFKeySDK\Debug\SynoTFKeySKF.dll" /INCREMENTAL /NOLOGO kernel32.lib user32.lib gdi32.lib winspool.lib comdlg32.lib advapi32.lib shell32.lib ole32.lib oleaut32.lib uuid.lib odbc32.lib odbccp32.lib /MANIFEST /MANIFESTUAC:"level='asInvoker' uiAccess='false'" /manifest:embed /DEBUG /PDB:"D:\Syno_Projects\trunk\SynoTFKeySDK\Debug\SynoTFKeySKF.pdb" /SUBSYSTEM:WINDOWS /TLBID:1 /DYNAMICBASE /NXCOMPAT /IMPLIB:"D:\Syno_Projects\trunk\SynoTFKeySDK\Debug\SynoTFKeySKF.lib" /MACHINE:X86 /SAFESEH /DLL Debug\SynoDataPadding.obj
         Debug\SynoError.obj
         Debug\SynoMemory.obj
         Debug\SynoLog.obj
         Debug\device.obj
         Debug\skfsha1.obj
         Debug\skfsms4.obj
         Debug\smartcard.obj
         Debug\SynoTFKeySKF.obj
         SynoTFKeySKF.vcxproj -> D:\Syno_Projects\trunk\SynoTFKeySDK\Debug\SynoTFKeySKF.dll
     1>Done Building Project "D:\Syno_Projects\trunk\SynoTFKeySDK\SynoTFKeySKF\SynoTFKeySKF.vcxproj" (Build target(s)).

Build succeeded.

Time Elapsed 00:00:00.42
